<?xml version="1.0" encoding="UTF-8"?>
<!-- Generated by org.testng.reporters.JUnitXMLReporter -->
<testsuite hostname="Kripal-VAIO" ignored="0" name="Student Result Test" tests="4" failures="0" timestamp="25 Jun 2019 12:00:34 GMT" time="0.459" errors="0">
  <testcase name="failedStudents" time="0.345" classname="com.capsilon.qa.studentresulttestcases.PrintStudentFailTest"/>
  <testcase name="highestMarks" time="0.034" classname="com.capsilon.qa.studentresulttestcases.PrintSubjectHighestMarkTest"/>
  <testcase name="topperInPhysics" time="0.013" classname="com.capsilon.qa.studentresulttestcases.PrintTopperPhysicsTest"/>
  <testcase name="equalMarksInMaths" time="0.018" classname="com.capsilon.qa.studentresulttestcases.PrintStudentEqualMarksMathsTest"/>
</testsuite> <!-- Student Result Test -->
