<?xml version="1.0" encoding="UTF-8"?>
<!-- Generated by org.testng.reporters.JUnitXMLReporter -->
<testsuite hostname="Kripal-VAIO" ignored="0" name="Test" tests="8" failures="0" timestamp="25 Jun 2019 12:08:04 GMT" time="0.491" errors="0">
  <testcase name="failedStudents" time="0.331" classname="com.capsilon.qa.studentresulttestcases.PrintStudentFailTest"/>
  <testcase name="highestMarks" time="0.014" classname="com.capsilon.qa.studentresulttestcases.PrintSubjectHighestMarkTest"/>
  <testcase name="topperInPhysics" time="0.023" classname="com.capsilon.qa.studentresulttestcases.PrintTopperPhysicsTest"/>
  <testcase name="equalMarksInMaths" time="0.018" classname="com.capsilon.qa.studentresulttestcases.PrintStudentEqualMarksMathsTest"/>
  <testcase name="countStudentsFromPune" time="0.021" classname="com.capsilon.qa.professionaltestcases.PrintStudentsFromPuneTest"/>
  <testcase name="professionalNamesOfSolapur" time="0.007" classname="com.capsilon.qa.professionaltestcases.PrintProfessionalsOfSolapurCityTest"/>
  <testcase name="printCitiesOfSaleman" time="0.009" classname="com.capsilon.qa.professionaltestcases.PrintCitiesOfSalesmenTest"/>
  <testcase name="noOfSalesmanOfThane" time="0.008" classname="com.capsilon.qa.professionaltestcases.PrintSalemenOfThaneCityTest"/>
</testsuite> <!-- Test -->
