<?xml version="1.0" encoding="UTF-8"?>
<!-- Generated by org.testng.reporters.JUnitXMLReporter -->
<testsuite hostname="Kripal-VAIO" ignored="0" name="Professionals Test" tests="4" failures="0" timestamp="25 Jun 2019 12:03:16 GMT" time="0.111" errors="0">
  <testcase name="countStudentsFromPune" time="0.031" classname="com.capsilon.qa.professionaltestcases.PrintStudentsFromPuneTest"/>
  <testcase name="professionalNamesOfSolapur" time="0.011" classname="com.capsilon.qa.professionaltestcases.PrintProfessionalsOfSolapurCityTest"/>
  <testcase name="printCitiesOfSaleman" time="0.01" classname="com.capsilon.qa.professionaltestcases.PrintCitiesOfSalesmenTest"/>
  <testcase name="noOfSalesmanOfThane" time="0.007" classname="com.capsilon.qa.professionaltestcases.PrintSalemenOfThaneCityTest"/>
</testsuite> <!-- Professionals Test -->
